<?xml version="1.0" encoding="UTF-8"?>
<testng-results ignored="0" total="1" passed="1" failed="0" skipped="0">
  <reporter-output>
  </reporter-output>
  <suite started-at="2023-01-12T11:26:35Z" name="Surefire suite" finished-at="2023-01-12T11:26:40Z" duration-ms="5057">
    <groups>
    </groups>
    <test started-at="2023-01-12T11:26:35Z" name="Surefire test" finished-at="2023-01-12T11:26:40Z" duration-ms="5057">
      <class name="com.packt.tests.LoginTest">
        <test-method signature="logInTest()[pri:0, instance:com.packt.tests.LoginTest@74ad1f1f]" started-at="2023-01-12T11:26:35Z" name="logInTest" finished-at="2023-01-12T11:26:40Z" duration-ms="5034" status="PASS">
          <reporter-output>
          </reporter-output>
        </test-method> <!-- logInTest -->
      </class> <!-- com.packt.tests.LoginTest -->
    </test> <!-- Surefire test -->
  </suite> <!-- Surefire suite -->
</testng-results>
