<?xml version="1.0" encoding="UTF-8"?>
<!-- Generated by org.testng.reporters.JUnitXMLReporter -->
<testsuite ignored="1" hostname="DESKTOP-JL09IP6" failures="0" tests="1" name="WindowsFrameTest" time="16.675" errors="0" timestamp="24 Jan 2023 06:45:38 GMT">
  <testcase classname="com.packt.tests.WindowsAndFrame" name="wysiwygEditorTest" time="16.655"/>
  <testcase classname="com.packt.tests.WindowsAndFrame" name="windows" time="0.0">
    <ignored/>
  </testcase> <!-- windows -->
</testsuite> <!-- WindowsFrameTest -->
